proguard/seeds.txt
com.forexsetup.forexdiary.MainActivity
com.forexsetup.forexdiary.MainActivity: MainActivity()
com.forexsetup.forexdiary.MainActivity: void onClick(android.view.View)
com.forexsetup.forexdiary.R$array: int SortItems
com.forexsetup.forexdiary.R$array: int pair
com.forexsetup.forexdiary.R$attr: int adSize
com.forexsetup.forexdiary.R$attr: int adSizes
com.forexsetup.forexdiary.R$attr: int adUnitId
com.forexsetup.forexdiary.R$attr: int buyButtonAppearance
com.forexsetup.forexdiary.R$attr: int buyButtonHeight
com.forexsetup.forexdiary.R$attr: int buyButtonText
com.forexsetup.forexdiary.R$attr: int buyButtonWidth
com.forexsetup.forexdiary.R$attr: int cameraBearing
com.forexsetup.forexdiary.R$attr: int cameraTargetLat
com.forexsetup.forexdiary.R$attr: int cameraTargetLng
com.forexsetup.forexdiary.R$attr: int cameraTilt
com.forexsetup.forexdiary.R$attr: int cameraZoom
com.forexsetup.forexdiary.R$attr: int environment
com.forexsetup.forexdiary.R$attr: int fragmentMode
com.forexsetup.forexdiary.R$attr: int fragmentStyle
com.forexsetup.forexdiary.R$attr: int mapType
com.forexsetup.forexdiary.R$attr: int maskedWalletDetailsBackground
com.forexsetup.forexdiary.R$attr: int maskedWalletDetailsButtonBackground
com.forexsetup.forexdiary.R$attr: int maskedWalletDetailsButtonTextAppearance
com.forexsetup.forexdiary.R$attr: int maskedWalletDetailsHeaderTextAppearance
com.forexsetup.forexdiary.R$attr: int maskedWalletDetailsLogoImageType
com.forexsetup.forexdiary.R$attr: int maskedWalletDetailsLogoTextColor
com.forexsetup.forexdiary.R$attr: int maskedWalletDetailsTextAppearance
com.forexsetup.forexdiary.R$attr: int theme
com.forexsetup.forexdiary.R$attr: int uiCompass
com.forexsetup.forexdiary.R$attr: int uiRotateGestures
com.forexsetup.forexdiary.R$color: int common_action_bar_splitter
com.forexsetup.forexdiary.R$color: int common_signin_btn_dark_text_default
com.forexsetup.forexdiary.R$color: int common_signin_btn_dark_text_disabled
com.forexsetup.forexdiary.R$color: int common_signin_btn_dark_text_focused
com.forexsetup.forexdiary.R$color: int common_signin_btn_dark_text_pressed
com.forexsetup.forexdiary.R$color: int common_signin_btn_default_background
com.forexsetup.forexdiary.R$color: int common_signin_btn_light_text_default
com.forexsetup.forexdiary.R$color: int common_signin_btn_light_text_disabled
com.forexsetup.forexdiary.R$color: int common_signin_btn_light_text_focused
com.forexsetup.forexdiary.R$color: int common_signin_btn_light_text_pressed
com.forexsetup.forexdiary.R$color: int common_signin_btn_text_dark
com.forexsetup.forexdiary.R$color: int common_signin_btn_text_light
com.forexsetup.forexdiary.R$color: int wallet_bright_foreground_disabled_holo_light
com.forexsetup.forexdiary.R$color: int wallet_bright_foreground_holo_dark
com.forexsetup.forexdiary.R$color: int wallet_bright_foreground_holo_light
com.forexsetup.forexdiary.R$color: int wallet_dim_foreground_disabled_holo_dark
com.forexsetup.forexdiary.R$color: int wallet_dim_foreground_holo_dark
com.forexsetup.forexdiary.R$color: int wallet_dim_foreground_inverse_disabled_holo_dark
com.forexsetup.forexdiary.R$color: int wallet_dim_foreground_inverse_holo_dark
com.forexsetup.forexdiary.R$dimen: int activity_horizontal_margin
com.forexsetup.forexdiary.R$dimen: int activity_vertical_margin
com.forexsetup.forexdiary.R$drawable: int ic_launcher
...
com.google.android.gms.drive.realtime.internal.event.ParcelableEventList
com.google.android.gms.drive.realtime.internal.event.ParcelableEventList: android.os.Parcelable$Creator CREATOR
com.google.android.gms.drive.realtime.internal.event.ParcelableObjectChangedEvent
com.google.android.gms.drive.realtime.internal.event.ParcelableObjectChangedEvent: android.os.Parcelable$Creator CREATOR
com.google.android.gms.drive.realtime.internal.event.ReferenceShiftedDetails
com.google.android.gms.drive.realtime.internal.event.ReferenceShiftedDetails: android.os.Parcelable$Creator CREATOR
com.google.android.gms.drive.realtime.internal.event.TextDeletedDetails
com.google.android.gms.drive.realtime.internal.event.TextDeletedDetails: android.os.Parcelable$Creator CREATOR
com.google.android.gms.drive.realtime.internal.event.TextInsertedDetails
com.google.android.gms.drive.realtime.internal.event.TextInsertedDetails: android.os.Parcelable$Creator CREATOR
com.google.android.gms.drive.realtime.internal.event.ValueChangedDetails
com.google.android.gms.drive.realtime.internal.event.ValueChangedDetails: android.os.Parcelable$Creator CREATOR
com.google.android.gms.drive.realtime.internal.event.ValuesAddedDetails
com.google.android.gms.drive.realtime.internal.event.ValuesAddedDetails: android.os.Parcelable$Creator CREATOR
com.google.android.gms.drive.realtime.internal.event.ValuesRemovedDetails
com.google.android.gms.drive.realtime.internal.event.ValuesRemovedDetails: android.os.Parcelable$Creator CREATOR
com.google.android.gms.drive.realtime.internal.event.ValuesSetDetails
com.google.android.gms.drive.realtime.internal.event.ValuesSetDetails: android.os.Parcelable$Creator CREATOR
com.google.android.gms.identity.intents.UserAddressRequest
com.google.android.gms.identity.intents.UserAddressRequest: android.os.Parcelable$Creator CREATOR
com.google.android.gms.identity.intents.model.CountrySpecification
com.google.android.gms.identity.intents.model.CountrySpecification: android.os.Parcelable$Creator CREATOR
com.google.android.gms.identity.intents.model.UserAddress
com.google.android.gms.identity.intents.model.UserAddress: android.os.Parcelable$Creator CREATOR
com.google.android.gms.internal.a: com.google.android.gms.internal.a[] values()
com.google.android.gms.internal.a: com.google.android.gms.internal.a valueOf(java.lang.String)
com.google.android.gms.internal.aj
com.google.android.gms.internal.aj: com.google.android.gms.internal.ak CREATOR
com.google.android.gms.internal.am
com.google.android.gms.internal.am: com.google.android.gms.internal.an CREATOR
com.google.android.gms.internal.ax
com.google.android.gms.internal.ax: com.google.android.gms.internal.ay CREATOR
com.google.android.gms.internal.b: com.google.android.gms.internal.b[] values()
com.google.android.gms.internal.b: com.google.android.gms.internal.b valueOf(java.lang.String)
com.google.android.gms.internal.cf
com.google.android.gms.internal.cf: com.google.android.gms.internal.ce CREATOR
com.google.android.gms.internal.ci
com.google.android.gms.internal.ci: com.google.android.gms.internal.ch CREATOR
com.google.android.gms.internal.cr
com.google.android.gms.internal.cr: com.google.android.gms.internal.cq CREATOR
com.google.android.gms.internal.dt
com.google.android.gms.internal.dt: com.google.android.gms.internal.du CREATOR
com.google.android.gms.internal.dv
com.google.android.gms.internal.dv: com.google.android.gms.internal.dw CREATOR
com.google.android.gms.internal.ew
com.google.android.gms.internal.ew: com.google.android.gms.internal.ex CREATOR
com.google.android.gms.internal.ey: void setContext(android.content.Context)
com.google.android.gms.internal.fe
com.google.android.gms.internal.fe: android.os.Parcelable$Creator CREATOR
com.google.android.gms.internal.fh
com.google.android.gms.internal.fh: com.google.android.gms.internal.fi CREATOR
com.google.android.gms.internal.fj
com.google.android.gms.internal.fj: com.google.android.gms.internal.fk CREATOR