proguard/mapping.txt
com.forexsetup.forexdiary.DB -> com.forexsetup.forexdiary.a:
    android.content.Context mCtx -> e
    com.forexsetup.forexdiary.DB$DBHelper mDBHelper -> f
    android.database.sqlite.SQLiteDatabase mDB -> g
    boolean orderForward -> a
    java.lang.String pair -> b
    long startDate -> c
    long endDate -> d
    void open() -> a
    android.database.Cursor getAllData() -> b
    void addRec(java.lang.String,int,int,int,int,int,int,int) -> a
    void delete(long) -> a
    void update(java.lang.String,int,int,int,int,int,int,int,long) -> a
com.forexsetup.forexdiary.DB$DBHelper -> com.forexsetup.forexdiary.b:
    com.forexsetup.forexdiary.DB this$0 -> a
    void onCreate(android.database.sqlite.SQLiteDatabase) -> onCreate
    void onUpgrade(android.database.sqlite.SQLiteDatabase,int,int) -> onUpgrade
com.forexsetup.forexdiary.MainActivity -> com.forexsetup.forexdiary.MainActivity:
    android.widget.ListView lvForm -> n
    android.widget.EditText etLot -> o
    android.widget.EditText etEntry -> p
    android.widget.EditText etSL -> q
    android.widget.EditText etTP -> r
    android.widget.EditText etOprice -> s
    android.widget.Button btnAdd -> t
    android.widget.ToggleButton tbtnBuy -> u
    com.google.android.gms.ads.AdView adBottom -> v
    com.forexsetup.forexdiary.DB db -> w
    com.forexsetup.forexdiary.MainActivity$MyCursorLoader CLoader -> x
    java.lang.String spName -> y
    android.widget.ArrayAdapter sAdapter -> z
    android.widget.Spinner spinner -> A
    boolean edit_mode -> B
    long record_id -> C
    com.forexsetup.forexdiary.MainActivity$MyResourceCursorAdapter mrcAdapter -> D
    android.content.SharedPreferences sPref -> E
    android.content.DialogInterface$OnClickListener sortDialogListener -> F
    void onCreate(android.os.Bundle) -> onCreate
    boolean onCreateOptionsMenu(android.view.Menu) -> onCreateOptionsMenu
    boolean onOptionsItemSelected(android.view.MenuItem) -> onOptionsItemSelected
    android.app.Dialog onCreateDialog(int) -> onCreateDialog
    void onActivityResult(int,int,android.content.Intent) -> onActivityResult
    void onCreateContextMenu(android.view.ContextMenu,android.view.View,android.view.ContextMenu$ContextMenuInfo) -> onCreateContextMenu
com.forexsetup.forexdiary.MainActivity$1 -> com.forexsetup.forexdiary.c:
    com.forexsetup.forexdiary.MainActivity this$0 -> a
    void onClick(android.content.DialogInterface,int) -> onClick
com.forexsetup.forexdiary.MainActivity$2 -> com.forexsetup.forexdiary.d:
    com.forexsetup.forexdiary.MainActivity this$0 -> a
    void onAdLoaded() -> a
    void onAdFailedToLoad(int) -> a
    void onAdOpened() -> b
    void onAdClosed() -> c
    void onAdLeftApplication() -> d
com.forexsetup.forexdiary.MainActivity$MyCursorLoader -> com.forexsetup.forexdiary.e:
    com.forexsetup.forexdiary.DB db -> u
    android.database.Cursor cursor -> v
    android.database.Cursor getCursor() -> v
    android.database.Cursor loadInBackground() -> f
com.forexsetup.forexdiary.MainActivity$MyResourceCursorAdapter -> com.forexsetup.forexdiary.f:
    com.forexsetup.forexdiary.MainActivity this$0 -> j
    void bindView(android.view.View,android.content.Context,android.database.Cursor) -> a
...
com.google.android.gms.wallet.i -> com.google.android.gms.wallet.i:
    com.google.android.gms.wallet.LineItem bX(android.os.Parcel) -> a
    com.google.android.gms.wallet.LineItem[] dD(int) -> a
    void a(com.google.android.gms.wallet.LineItem,android.os.Parcel,int) -> a
    java.lang.Object[] newArray(int) -> newArray
    java.lang.Object createFromParcel(android.os.Parcel) -> createFromParcel
com.google.android.gms.wallet.j -> com.google.android.gms.wallet.j:
    com.google.android.gms.wallet.LoyaltyWalletObject bY(android.os.Parcel) -> a
    com.google.android.gms.wallet.LoyaltyWalletObject[] dE(int) -> a
    void a(com.google.android.gms.wallet.LoyaltyWalletObject,android.os.Parcel,int) -> a
    java.lang.Object[] newArray(int) -> newArray
    java.lang.Object createFromParcel(android.os.Parcel) -> createFromParcel
com.google.android.gms.wallet.k -> com.google.android.gms.wallet.k:
    com.google.android.gms.wallet.MaskedWallet bZ(android.os.Parcel) -> a
    com.google.android.gms.wallet.MaskedWallet[] dF(int) -> a
    void a(com.google.android.gms.wallet.MaskedWallet,android.os.Parcel,int) -> a
    java.lang.Object[] newArray(int) -> newArray
    java.lang.Object createFromParcel(android.os.Parcel) -> createFromParcel
com.google.android.gms.wallet.l -> com.google.android.gms.wallet.l:
    com.google.android.gms.wallet.MaskedWalletRequest ca(android.os.Parcel) -> a
    com.google.android.gms.wallet.MaskedWalletRequest[] dG(int) -> a
    void a(com.google.android.gms.wallet.MaskedWalletRequest,android.os.Parcel,int) -> a
    java.lang.Object[] newArray(int) -> newArray
    java.lang.Object createFromParcel(android.os.Parcel) -> createFromParcel
com.google.android.gms.wallet.m -> com.google.android.gms.wallet.m:
    com.google.android.gms.wallet.NotifyTransactionStatusRequest cb(android.os.Parcel) -> a
    com.google.android.gms.wallet.NotifyTransactionStatusRequest[] dH(int) -> a
    void a(com.google.android.gms.wallet.NotifyTransactionStatusRequest,android.os.Parcel,int) -> a
    java.lang.Object[] newArray(int) -> newArray
    java.lang.Object createFromParcel(android.os.Parcel) -> createFromParcel
com.google.android.gms.wallet.n -> com.google.android.gms.wallet.n:
    com.google.android.gms.wallet.OfferWalletObject cc(android.os.Parcel) -> a
    com.google.android.gms.wallet.OfferWalletObject[] dI(int) -> a
    void a(com.google.android.gms.wallet.OfferWalletObject,android.os.Parcel,int) -> a
    java.lang.Object[] newArray(int) -> newArray
    java.lang.Object createFromParcel(android.os.Parcel) -> createFromParcel
com.google.android.gms.wallet.o -> com.google.android.gms.wallet.o:
    com.google.android.gms.wallet.ProxyCard cd(android.os.Parcel) -> a
    com.google.android.gms.wallet.ProxyCard[] dJ(int) -> a
    void a(com.google.android.gms.wallet.ProxyCard,android.os.Parcel,int) -> a
    java.lang.Object[] newArray(int) -> newArray
    java.lang.Object createFromParcel(android.os.Parcel) -> createFromParcel
com.google.android.gms.wallet.wobs.CommonWalletObject -> com.google.android.gms.wallet.wobs.CommonWalletObject:
    android.os.Parcelable$Creator CREATOR -> CREATOR
    int xJ -> t
    java.lang.String eC -> a
    java.lang.String ajn -> b
    java.lang.String name -> c
    java.lang.String ajg -> d
    java.lang.String ajj -> e
    java.lang.String ajk -> f
    java.lang.String ajl -> g
    java.lang.String ajm -> h
    int state -> i
    java.util.ArrayList ajo -> j
    com.google.android.gms.wallet.wobs.l ajp -> k
    java.util.ArrayList ajq -> l
    java.lang.String ajr -> m
    java.lang.String ajs -> n
    java.util.ArrayList ajt -> o
    boolean aju -> p
    java.util.ArrayList ajv -> q
    java.util.ArrayList ajw -> r
    java.util.ArrayList ajx -> s
    com.google.android.gms.wallet.wobs.CommonWalletObject$a nf() -> a
    int getVersionCode() -> b
    int describeContents() -> describeContents
    void writeToParcel(android.os.Parcel,int) -> writeToParcel